

Microchip MPLAB XC8 Assembler V3.00 build 20241204225717 
                                                                                               Fri Mar  7 17:09:48 2025

Microchip MPLAB XC8 C Compiler v3.00 (Free license) build 20241204225717 Og1 
     1                           	processor	18F4550
     2                           	fnconf	rparam,??,?,0
     3                           	pagewidth 120
     4                           	opt	flic
     5                           	psect	cinit,global,reloc=2,class=CODE,space=0,delta=1
     6                           	psect	bssCOMRAM,global,class=COMRAM,space=1,delta=1,lowdata,noexec
     7                           	psect	cstackCOMRAM,global,class=COMRAM,space=1,delta=1,lowdata,noexec
     8                           	psect	text0,global,reloc=2,class=CODE,space=0,delta=1
     9                           	psect	text1,global,reloc=2,class=CODE,space=0,delta=1
    10                           	psect	smallconst,global,reloc=2,class=SMALLCONST,space=0,delta=1,noexec
    11                           	psect	intsave_regs,global,class=BIGRAM,space=1,delta=1,noexec
    12                           	psect	rparam,global,class=COMRAM,space=1,delta=1,noexec
    13                           	psect	config,global,abs,ovrld,class=CONFIG,space=4,delta=1,noexec
    14   000000                     
    15                           ; Generated 17/10/2023 GMT
    16                           ; 
    17                           ; Copyright © 2023, Microchip Technology Inc. and its subsidiaries ("Microchip")
    18                           ; All rights reserved.
    19                           ; 
    20                           ; This software is developed by Microchip Technology Inc. and its subsidiaries ("Microch
      +                          ip").
    21                           ; 
    22                           ; Redistribution and use in source and binary forms, with or without modification, are
    23                           ; permitted provided that the following conditions are met:
    24                           ; 
    25                           ;     1. Redistributions of source code must retain the above copyright notice, this lis
      +                          t of
    26                           ;        conditions and the following disclaimer.
    27                           ; 
    28                           ;     2. Redistributions in binary form must reproduce the above copyright notice, this 
      +                          list
    29                           ;        of conditions and the following disclaimer in the documentation and/or other
    30                           ;        materials provided with the distribution. Publication is not required when
    31                           ;        this file is used in an embedded application.
    32                           ; 
    33                           ;     3. Microchip's name may not be used to endorse or promote products derived from th
      +                          is
    34                           ;        software without specific prior written permission.
    35                           ; 
    36                           ; THIS SOFTWARE IS PROVIDED BY MICROCHIP "AS IS" AND ANY EXPRESS OR IMPLIED WARRANTIES,
    37                           ; INCLUDING, BUT NOT LIMITED TO, THE IMPLIED WARRANTIES OF MERCHANTABILITY AND FITNESS F
      +                          OR
    38                           ; PURPOSE ARE DISCLAIMED.  IN NO EVENT SHALL MICROCHIP BE LIABLE FOR ANY DIRECT, INDIREC
      +                          T,
    39                           ; INCIDENTAL, SPECIAL, EXEMPLARY, OR CONSEQUENTIAL DAMAGES (INCLUDING BUT NOT LIMITED TO
    40                           ; PROCUREMENT OF SUBSTITUTE GOODS OR SERVICES; LOSS OF USE, DATA OR PROFITS; OR BUSINESS
    41                           ; INTERRUPTION) HOWSOEVER CAUSED AND ON ANY THEORY OF LIABILITY, WHETHER IN CONTRACT, ST
      +                          RICT
    42                           ; LIABILITY, OR TORT (INCLUDING NEGLIGENCE OR OTHERWISE) ARISING IN ANY WAY OUT OF THE U
      +                          SE OF
    43                           ; THIS SOFTWARE, EVEN IF ADVISED OF THE POSSIBILITY OF SUCH DAMAGE.
    44                           ; 
    45                           ; 
    46                           ; Code-generator required, PIC18F4550 Definitions
    47                           ; 
    48                           ; SFR Addresses
    49   000FE0                     bsr             equ	4064
    50   000FE9                     fsr0            equ	4073
    51   000FEA                     fsr0h           equ	4074
    52   000FE9                     fsr0l           equ	4073
    53   000FE1                     fsr1            equ	4065
    54   000FE2                     fsr1h           equ	4066
    55   000FE1                     fsr1l           equ	4065
    56   000FD9                     fsr2            equ	4057
    57   000FDA                     fsr2h           equ	4058
    58   000FD9                     fsr2l           equ	4057
    59   000FEF                     indf0           equ	4079
    60   000FE7                     indf1           equ	4071
    61   000FDF                     indf2           equ	4063
    62   000FF2                     intcon          equ	4082
    63   000000                     nvmcon          equ	0
    64   000FF9                     pcl             equ	4089
    65   000FFA                     pclath          equ	4090
    66   000FFB                     pclatu          equ	4091
    67   000FEB                     plusw0          equ	4075
    68   000FE3                     plusw1          equ	4067
    69   000FDB                     plusw2          equ	4059
    70   000FED                     postdec0        equ	4077
    71   000FE5                     postdec1        equ	4069
    72   000FDD                     postdec2        equ	4061
    73   000FEE                     postinc0        equ	4078
    74   000FE6                     postinc1        equ	4070
    75   000FDE                     postinc2        equ	4062
    76   000FEC                     preinc0         equ	4076
    77   000FE4                     preinc1         equ	4068
    78   000FDC                     preinc2         equ	4060
    79   000FF3                     prod            equ	4083
    80   000FF4                     prodh           equ	4084
    81   000FF3                     prodl           equ	4083
    82   000FD8                     status          equ	4056
    83   000FF5                     tablat          equ	4085
    84   000FF6                     tblptr          equ	4086
    85   000FF7                     tblptrh         equ	4087
    86   000FF6                     tblptrl         equ	4086
    87   000FF8                     tblptru         equ	4088
    88   000FFD                     tosl            equ	4093
    89   000FE8                     wreg            equ	4072
    90   000F62                     SPPDATA         equ	3938	;# 
    91   000F63                     SPPCFG          equ	3939	;# 
    92   000F64                     SPPEPS          equ	3940	;# 
    93   000F65                     SPPCON          equ	3941	;# 
    94   000F66                     UFRM            equ	3942	;# 
    95   000F66                     UFRML           equ	3942	;# 
    96   000F67                     UFRMH           equ	3943	;# 
    97   000F68                     UIR             equ	3944	;# 
    98   000F69                     UIE             equ	3945	;# 
    99   000F6A                     UEIR            equ	3946	;# 
   100   000F6B                     UEIE            equ	3947	;# 
   101   000F6C                     USTAT           equ	3948	;# 
   102   000F6D                     UCON            equ	3949	;# 
   103   000F6E                     UADDR           equ	3950	;# 
   104   000F6F                     UCFG            equ	3951	;# 
   105   000F70                     UEP0            equ	3952	;# 
   106   000F71                     UEP1            equ	3953	;# 
   107   000F72                     UEP2            equ	3954	;# 
   108   000F73                     UEP3            equ	3955	;# 
   109   000F74                     UEP4            equ	3956	;# 
   110   000F75                     UEP5            equ	3957	;# 
   111   000F76                     UEP6            equ	3958	;# 
   112   000F77                     UEP7            equ	3959	;# 
   113   000F78                     UEP8            equ	3960	;# 
   114   000F79                     UEP9            equ	3961	;# 
   115   000F7A                     UEP10           equ	3962	;# 
   116   000F7B                     UEP11           equ	3963	;# 
   117   000F7C                     UEP12           equ	3964	;# 
   118   000F7D                     UEP13           equ	3965	;# 
   119   000F7E                     UEP14           equ	3966	;# 
   120   000F7F                     UEP15           equ	3967	;# 
   121   000F80                     PORTA           equ	3968	;# 
   122   000F81                     PORTB           equ	3969	;# 
   123   000F82                     PORTC           equ	3970	;# 
   124   000F83                     PORTD           equ	3971	;# 
   125   000F84                     PORTE           equ	3972	;# 
   126   000F89                     LATA            equ	3977	;# 
   127   000F8A                     LATB            equ	3978	;# 
   128   000F8B                     LATC            equ	3979	;# 
   129   000F8C                     LATD            equ	3980	;# 
   130   000F8D                     LATE            equ	3981	;# 
   131   000F92                     TRISA           equ	3986	;# 
   132   000F92                     DDRA            equ	3986	;# 
   133   000F93                     TRISB           equ	3987	;# 
   134   000F93                     DDRB            equ	3987	;# 
   135   000F94                     TRISC           equ	3988	;# 
   136   000F94                     DDRC            equ	3988	;# 
   137   000F95                     TRISD           equ	3989	;# 
   138   000F95                     DDRD            equ	3989	;# 
   139   000F96                     TRISE           equ	3990	;# 
   140   000F96                     DDRE            equ	3990	;# 
   141   000F9B                     OSCTUNE         equ	3995	;# 
   142   000F9D                     PIE1            equ	3997	;# 
   143   000F9E                     PIR1            equ	3998	;# 
   144   000F9F                     IPR1            equ	3999	;# 
   145   000FA0                     PIE2            equ	4000	;# 
   146   000FA1                     PIR2            equ	4001	;# 
   147   000FA2                     IPR2            equ	4002	;# 
   148   000FA6                     EECON1          equ	4006	;# 
   149   000FA7                     EECON2          equ	4007	;# 
   150   000FA8                     EEDATA          equ	4008	;# 
   151   000FA9                     EEADR           equ	4009	;# 
   152   000FAB                     RCSTA           equ	4011	;# 
   153   000FAB                     RCSTA1          equ	4011	;# 
   154   000FAC                     TXSTA           equ	4012	;# 
   155   000FAC                     TXSTA1          equ	4012	;# 
   156   000FAD                     TXREG           equ	4013	;# 
   157   000FAD                     TXREG1          equ	4013	;# 
   158   000FAE                     RCREG           equ	4014	;# 
   159   000FAE                     RCREG1          equ	4014	;# 
   160   000FAF                     SPBRG           equ	4015	;# 
   161   000FAF                     SPBRG1          equ	4015	;# 
   162   000FB0                     SPBRGH          equ	4016	;# 
   163   000FB1                     T3CON           equ	4017	;# 
   164   000FB2                     TMR3            equ	4018	;# 
   165   000FB2                     TMR3L           equ	4018	;# 
   166   000FB3                     TMR3H           equ	4019	;# 
   167   000FB4                     CMCON           equ	4020	;# 
   168   000FB5                     CVRCON          equ	4021	;# 
   169   000FB6                     ECCP1AS         equ	4022	;# 
   170   000FB6                     CCP1AS          equ	4022	;# 
   171   000FB7                     ECCP1DEL        equ	4023	;# 
   172   000FB7                     CCP1DEL         equ	4023	;# 
   173   000FB8                     BAUDCON         equ	4024	;# 
   174   000FB8                     BAUDCTL         equ	4024	;# 
   175   000FBA                     CCP2CON         equ	4026	;# 
   176   000FBB                     CCPR2           equ	4027	;# 
   177   000FBB                     CCPR2L          equ	4027	;# 
   178   000FBC                     CCPR2H          equ	4028	;# 
   179   000FBD                     CCP1CON         equ	4029	;# 
   180   000FBD                     ECCP1CON        equ	4029	;# 
   181   000FBE                     CCPR1           equ	4030	;# 
   182   000FBE                     CCPR1L          equ	4030	;# 
   183   000FBF                     CCPR1H          equ	4031	;# 
   184   000FC0                     ADCON2          equ	4032	;# 
   185   000FC1                     ADCON1          equ	4033	;# 
   186   000FC2                     ADCON0          equ	4034	;# 
   187   000FC3                     ADRES           equ	4035	;# 
   188   000FC3                     ADRESL          equ	4035	;# 
   189   000FC4                     ADRESH          equ	4036	;# 
   190   000FC5                     SSPCON2         equ	4037	;# 
   191   000FC6                     SSPCON1         equ	4038	;# 
   192   000FC7                     SSPSTAT         equ	4039	;# 
   193   000FC8                     SSPADD          equ	4040	;# 
   194   000FC9                     SSPBUF          equ	4041	;# 
   195   000FCA                     T2CON           equ	4042	;# 
   196   000FCB                     PR2             equ	4043	;# 
   197   000FCB                     MEMCON          equ	4043	;# 
   198   000FCC                     TMR2            equ	4044	;# 
   199   000FCD                     T1CON           equ	4045	;# 
   200   000FCE                     TMR1            equ	4046	;# 
   201   000FCE                     TMR1L           equ	4046	;# 
   202   000FCF                     TMR1H           equ	4047	;# 
   203   000FD0                     RCON            equ	4048	;# 
   204   000FD1                     WDTCON          equ	4049	;# 
   205   000FD2                     HLVDCON         equ	4050	;# 
   206   000FD2                     LVDCON          equ	4050	;# 
   207   000FD3                     OSCCON          equ	4051	;# 
   208   000FD5                     T0CON           equ	4053	;# 
   209   000FD6                     TMR0            equ	4054	;# 
   210   000FD6                     TMR0L           equ	4054	;# 
   211   000FD7                     TMR0H           equ	4055	;# 
   212   000FD8                     STATUS          equ	4056	;# 
   213   000FD9                     FSR2            equ	4057	;# 
   214   000FD9                     FSR2L           equ	4057	;# 
   215   000FDA                     FSR2H           equ	4058	;# 
   216   000FDB                     PLUSW2          equ	4059	;# 
   217   000FDC                     PREINC2         equ	4060	;# 
   218   000FDD                     POSTDEC2        equ	4061	;# 
   219   000FDE                     POSTINC2        equ	4062	;# 
   220   000FDF                     INDF2           equ	4063	;# 
   221   000FE0                     BSR             equ	4064	;# 
   222   000FE1                     FSR1            equ	4065	;# 
   223   000FE1                     FSR1L           equ	4065	;# 
   224   000FE2                     FSR1H           equ	4066	;# 
   225   000FE3                     PLUSW1          equ	4067	;# 
   226   000FE4                     PREINC1         equ	4068	;# 
   227   000FE5                     POSTDEC1        equ	4069	;# 
   228   000FE6                     POSTINC1        equ	4070	;# 
   229   000FE7                     INDF1           equ	4071	;# 
   230   000FE8                     WREG            equ	4072	;# 
   231   000FE9                     FSR0            equ	4073	;# 
   232   000FE9                     FSR0L           equ	4073	;# 
   233   000FEA                     FSR0H           equ	4074	;# 
   234   000FEB                     PLUSW0          equ	4075	;# 
   235   000FEC                     PREINC0         equ	4076	;# 
   236   000FED                     POSTDEC0        equ	4077	;# 
   237   000FEE                     POSTINC0        equ	4078	;# 
   238   000FEF                     INDF0           equ	4079	;# 
   239   000FF0                     INTCON3         equ	4080	;# 
   240   000FF1                     INTCON2         equ	4081	;# 
   241   000FF2                     INTCON          equ	4082	;# 
   242   000FF3                     PROD            equ	4083	;# 
   243   000FF3                     PRODL           equ	4083	;# 
   244   000FF4                     PRODH           equ	4084	;# 
   245   000FF5                     TABLAT          equ	4085	;# 
   246   000FF6                     TBLPTR          equ	4086	;# 
   247   000FF6                     TBLPTRL         equ	4086	;# 
   248   000FF7                     TBLPTRH         equ	4087	;# 
   249   000FF8                     TBLPTRU         equ	4088	;# 
   250   000FF9                     PCLAT           equ	4089	;# 
   251   000FF9                     PC              equ	4089	;# 
   252   000FF9                     PCL             equ	4089	;# 
   253   000FFA                     PCLATH          equ	4090	;# 
   254   000FFB                     PCLATU          equ	4091	;# 
   255   000FFC                     STKPTR          equ	4092	;# 
   256   000FFD                     TOS             equ	4093	;# 
   257   000FFD                     TOSL            equ	4093	;# 
   258   000FFE                     TOSH            equ	4094	;# 
   259   000FFF                     TOSU            equ	4095	;# 
   260   000F62                     SPPDATA         equ	3938	;# 
   261   000F63                     SPPCFG          equ	3939	;# 
   262   000F64                     SPPEPS          equ	3940	;# 
   263   000F65                     SPPCON          equ	3941	;# 
   264   000F66                     UFRM            equ	3942	;# 
   265   000F66                     UFRML           equ	3942	;# 
   266   000F67                     UFRMH           equ	3943	;# 
   267   000F68                     UIR             equ	3944	;# 
   268   000F69                     UIE             equ	3945	;# 
   269   000F6A                     UEIR            equ	3946	;# 
   270   000F6B                     UEIE            equ	3947	;# 
   271   000F6C                     USTAT           equ	3948	;# 
   272   000F6D                     UCON            equ	3949	;# 
   273   000F6E                     UADDR           equ	3950	;# 
   274   000F6F                     UCFG            equ	3951	;# 
   275   000F70                     UEP0            equ	3952	;# 
   276   000F71                     UEP1            equ	3953	;# 
   277   000F72                     UEP2            equ	3954	;# 
   278   000F73                     UEP3            equ	3955	;# 
   279   000F74                     UEP4            equ	3956	;# 
   280   000F75                     UEP5            equ	3957	;# 
   281   000F76                     UEP6            equ	3958	;# 
   282   000F77                     UEP7            equ	3959	;# 
   283   000F78                     UEP8            equ	3960	;# 
   284   000F79                     UEP9            equ	3961	;# 
   285   000F7A                     UEP10           equ	3962	;# 
   286   000F7B                     UEP11           equ	3963	;# 
   287   000F7C                     UEP12           equ	3964	;# 
   288   000F7D                     UEP13           equ	3965	;# 
   289   000F7E                     UEP14           equ	3966	;# 
   290   000F7F                     UEP15           equ	3967	;# 
   291   000F80                     PORTA           equ	3968	;# 
   292   000F81                     PORTB           equ	3969	;# 
   293   000F82                     PORTC           equ	3970	;# 
   294   000F83                     PORTD           equ	3971	;# 
   295   000F84                     PORTE           equ	3972	;# 
   296   000F89                     LATA            equ	3977	;# 
   297   000F8A                     LATB            equ	3978	;# 
   298   000F8B                     LATC            equ	3979	;# 
   299   000F8C                     LATD            equ	3980	;# 
   300   000F8D                     LATE            equ	3981	;# 
   301   000F92                     TRISA           equ	3986	;# 
   302   000F92                     DDRA            equ	3986	;# 
   303   000F93                     TRISB           equ	3987	;# 
   304   000F93                     DDRB            equ	3987	;# 
   305   000F94                     TRISC           equ	3988	;# 
   306   000F94                     DDRC            equ	3988	;# 
   307   000F95                     TRISD           equ	3989	;# 
   308   000F95                     DDRD            equ	3989	;# 
   309   000F96                     TRISE           equ	3990	;# 
   310   000F96                     DDRE            equ	3990	;# 
   311   000F9B                     OSCTUNE         equ	3995	;# 
   312   000F9D                     PIE1            equ	3997	;# 
   313   000F9E                     PIR1            equ	3998	;# 
   314   000F9F                     IPR1            equ	3999	;# 
   315   000FA0                     PIE2            equ	4000	;# 
   316   000FA1                     PIR2            equ	4001	;# 
   317   000FA2                     IPR2            equ	4002	;# 
   318   000FA6                     EECON1          equ	4006	;# 
   319   000FA7                     EECON2          equ	4007	;# 
   320   000FA8                     EEDATA          equ	4008	;# 
   321   000FA9                     EEADR           equ	4009	;# 
   322   000FAB                     RCSTA           equ	4011	;# 
   323   000FAB                     RCSTA1          equ	4011	;# 
   324   000FAC                     TXSTA           equ	4012	;# 
   325   000FAC                     TXSTA1          equ	4012	;# 
   326   000FAD                     TXREG           equ	4013	;# 
   327   000FAD                     TXREG1          equ	4013	;# 
   328   000FAE                     RCREG           equ	4014	;# 
   329   000FAE                     RCREG1          equ	4014	;# 
   330   000FAF                     SPBRG           equ	4015	;# 
   331   000FAF                     SPBRG1          equ	4015	;# 
   332   000FB0                     SPBRGH          equ	4016	;# 
   333   000FB1                     T3CON           equ	4017	;# 
   334   000FB2                     TMR3            equ	4018	;# 
   335   000FB2                     TMR3L           equ	4018	;# 
   336   000FB3                     TMR3H           equ	4019	;# 
   337   000FB4                     CMCON           equ	4020	;# 
   338   000FB5                     CVRCON          equ	4021	;# 
   339   000FB6                     ECCP1AS         equ	4022	;# 
   340   000FB6                     CCP1AS          equ	4022	;# 
   341   000FB7                     ECCP1DEL        equ	4023	;# 
   342   000FB7                     CCP1DEL         equ	4023	;# 
   343   000FB8                     BAUDCON         equ	4024	;# 
   344   000FB8                     BAUDCTL         equ	4024	;# 
   345   000FBA                     CCP2CON         equ	4026	;# 
   346   000FBB                     CCPR2           equ	4027	;# 
   347   000FBB                     CCPR2L          equ	4027	;# 
   348   000FBC                     CCPR2H          equ	4028	;# 
   349   000FBD                     CCP1CON         equ	4029	;# 
   350   000FBD                     ECCP1CON        equ	4029	;# 
   351   000FBE                     CCPR1           equ	4030	;# 
   352   000FBE                     CCPR1L          equ	4030	;# 
   353   000FBF                     CCPR1H          equ	4031	;# 
   354   000FC0                     ADCON2          equ	4032	;# 
   355   000FC1                     ADCON1          equ	4033	;# 
   356   000FC2                     ADCON0          equ	4034	;# 
   357   000FC3                     ADRES           equ	4035	;# 
   358   000FC3                     ADRESL          equ	4035	;# 
   359   000FC4                     ADRESH          equ	4036	;# 
   360   000FC5                     SSPCON2         equ	4037	;# 
   361   000FC6                     SSPCON1         equ	4038	;# 
   362   000FC7                     SSPSTAT         equ	4039	;# 
   363   000FC8                     SSPADD          equ	4040	;# 
   364   000FC9                     SSPBUF          equ	4041	;# 
   365   000FCA                     T2CON           equ	4042	;# 
   366   000FCB                     PR2             equ	4043	;# 
   367   000FCB                     MEMCON          equ	4043	;# 
   368   000FCC                     TMR2            equ	4044	;# 
   369   000FCD                     T1CON           equ	4045	;# 
   370   000FCE                     TMR1            equ	4046	;# 
   371   000FCE                     TMR1L           equ	4046	;# 
   372   000FCF                     TMR1H           equ	4047	;# 
   373   000FD0                     RCON            equ	4048	;# 
   374   000FD1                     WDTCON          equ	4049	;# 
   375   000FD2                     HLVDCON         equ	4050	;# 
   376   000FD2                     LVDCON          equ	4050	;# 
   377   000FD3                     OSCCON          equ	4051	;# 
   378   000FD5                     T0CON           equ	4053	;# 
   379   000FD6                     TMR0            equ	4054	;# 
   380   000FD6                     TMR0L           equ	4054	;# 
   381   000FD7                     TMR0H           equ	4055	;# 
   382   000FD8                     STATUS          equ	4056	;# 
   383   000FD9                     FSR2            equ	4057	;# 
   384   000FD9                     FSR2L           equ	4057	;# 
   385   000FDA                     FSR2H           equ	4058	;# 
   386   000FDB                     PLUSW2          equ	4059	;# 
   387   000FDC                     PREINC2         equ	4060	;# 
   388   000FDD                     POSTDEC2        equ	4061	;# 
   389   000FDE                     POSTINC2        equ	4062	;# 
   390   000FDF                     INDF2           equ	4063	;# 
   391   000FE0                     BSR             equ	4064	;# 
   392   000FE1                     FSR1            equ	4065	;# 
   393   000FE1                     FSR1L           equ	4065	;# 
   394   000FE2                     FSR1H           equ	4066	;# 
   395   000FE3                     PLUSW1          equ	4067	;# 
   396   000FE4                     PREINC1         equ	4068	;# 
   397   000FE5                     POSTDEC1        equ	4069	;# 
   398   000FE6                     POSTINC1        equ	4070	;# 
   399   000FE7                     INDF1           equ	4071	;# 
   400   000FE8                     WREG            equ	4072	;# 
   401   000FE9                     FSR0            equ	4073	;# 
   402   000FE9                     FSR0L           equ	4073	;# 
   403   000FEA                     FSR0H           equ	4074	;# 
   404   000FEB                     PLUSW0          equ	4075	;# 
   405   000FEC                     PREINC0         equ	4076	;# 
   406   000FED                     POSTDEC0        equ	4077	;# 
   407   000FEE                     POSTINC0        equ	4078	;# 
   408   000FEF                     INDF0           equ	4079	;# 
   409   000FF0                     INTCON3         equ	4080	;# 
   410   000FF1                     INTCON2         equ	4081	;# 
   411   000FF2                     INTCON          equ	4082	;# 
   412   000FF3                     PROD            equ	4083	;# 
   413   000FF3                     PRODL           equ	4083	;# 
   414   000FF4                     PRODH           equ	4084	;# 
   415   000FF5                     TABLAT          equ	4085	;# 
   416   000FF6                     TBLPTR          equ	4086	;# 
   417   000FF6                     TBLPTRL         equ	4086	;# 
   418   000FF7                     TBLPTRH         equ	4087	;# 
   419   000FF8                     TBLPTRU         equ	4088	;# 
   420   000FF9                     PCLAT           equ	4089	;# 
   421   000FF9                     PC              equ	4089	;# 
   422   000FF9                     PCL             equ	4089	;# 
   423   000FFA                     PCLATH          equ	4090	;# 
   424   000FFB                     PCLATU          equ	4091	;# 
   425   000FFC                     STKPTR          equ	4092	;# 
   426   000FFD                     TOS             equ	4093	;# 
   427   000FFD                     TOSL            equ	4093	;# 
   428   000FFE                     TOSH            equ	4094	;# 
   429   000FFF                     TOSU            equ	4095	;# 
   430   000F62                     SPPDATA         equ	3938	;# 
   431   000F63                     SPPCFG          equ	3939	;# 
   432   000F64                     SPPEPS          equ	3940	;# 
   433   000F65                     SPPCON          equ	3941	;# 
   434   000F66                     UFRM            equ	3942	;# 
   435   000F66                     UFRML           equ	3942	;# 
   436   000F67                     UFRMH           equ	3943	;# 
   437   000F68                     UIR             equ	3944	;# 
   438   000F69                     UIE             equ	3945	;# 
   439   000F6A                     UEIR            equ	3946	;# 
   440   000F6B                     UEIE            equ	3947	;# 
   441   000F6C                     USTAT           equ	3948	;# 
   442   000F6D                     UCON            equ	3949	;# 
   443   000F6E                     UADDR           equ	3950	;# 
   444   000F6F                     UCFG            equ	3951	;# 
   445   000F70                     UEP0            equ	3952	;# 
   446   000F71                     UEP1            equ	3953	;# 
   447   000F72                     UEP2            equ	3954	;# 
   448   000F73                     UEP3            equ	3955	;# 
   449   000F74                     UEP4            equ	3956	;# 
   450   000F75                     UEP5            equ	3957	;# 
   451   000F76                     UEP6            equ	3958	;# 
   452   000F77                     UEP7            equ	3959	;# 
   453   000F78                     UEP8            equ	3960	;# 
   454   000F79                     UEP9            equ	3961	;# 
   455   000F7A                     UEP10           equ	3962	;# 
   456   000F7B                     UEP11           equ	3963	;# 
   457   000F7C                     UEP12           equ	3964	;# 
   458   000F7D                     UEP13           equ	3965	;# 
   459   000F7E                     UEP14           equ	3966	;# 
   460   000F7F                     UEP15           equ	3967	;# 
   461   000F80                     PORTA           equ	3968	;# 
   462   000F81                     PORTB           equ	3969	;# 
   463   000F82                     PORTC           equ	3970	;# 
   464   000F83                     PORTD           equ	3971	;# 
   465   000F84                     PORTE           equ	3972	;# 
   466   000F89                     LATA            equ	3977	;# 
   467   000F8A                     LATB            equ	3978	;# 
   468   000F8B                     LATC            equ	3979	;# 
   469   000F8C                     LATD            equ	3980	;# 
   470   000F8D                     LATE            equ	3981	;# 
   471   000F92                     TRISA           equ	3986	;# 
   472   000F92                     DDRA            equ	3986	;# 
   473   000F93                     TRISB           equ	3987	;# 
   474   000F93                     DDRB            equ	3987	;# 
   475   000F94                     TRISC           equ	3988	;# 
   476   000F94                     DDRC            equ	3988	;# 
   477   000F95                     TRISD           equ	3989	;# 
   478   000F95                     DDRD            equ	3989	;# 
   479   000F96                     TRISE           equ	3990	;# 
   480   000F96                     DDRE            equ	3990	;# 
   481   000F9B                     OSCTUNE         equ	3995	;# 
   482   000F9D                     PIE1            equ	3997	;# 
   483   000F9E                     PIR1            equ	3998	;# 
   484   000F9F                     IPR1            equ	3999	;# 
   485   000FA0                     PIE2            equ	4000	;# 
   486   000FA1                     PIR2            equ	4001	;# 
   487   000FA2                     IPR2            equ	4002	;# 
   488   000FA6                     EECON1          equ	4006	;# 
   489   000FA7                     EECON2          equ	4007	;# 
   490   000FA8                     EEDATA          equ	4008	;# 
   491   000FA9                     EEADR           equ	4009	;# 
   492   000FAB                     RCSTA           equ	4011	;# 
   493   000FAB                     RCSTA1          equ	4011	;# 
   494   000FAC                     TXSTA           equ	4012	;# 
   495   000FAC                     TXSTA1          equ	4012	;# 
   496   000FAD                     TXREG           equ	4013	;# 
   497   000FAD                     TXREG1          equ	4013	;# 
   498   000FAE                     RCREG           equ	4014	;# 
   499   000FAE                     RCREG1          equ	4014	;# 
   500   000FAF                     SPBRG           equ	4015	;# 
   501   000FAF                     SPBRG1          equ	4015	;# 
   502   000FB0                     SPBRGH          equ	4016	;# 
   503   000FB1                     T3CON           equ	4017	;# 
   504   000FB2                     TMR3            equ	4018	;# 
   505   000FB2                     TMR3L           equ	4018	;# 
   506   000FB3                     TMR3H           equ	4019	;# 
   507   000FB4                     CMCON           equ	4020	;# 
   508   000FB5                     CVRCON          equ	4021	;# 
   509   000FB6                     ECCP1AS         equ	4022	;# 
   510   000FB6                     CCP1AS          equ	4022	;# 
   511   000FB7                     ECCP1DEL        equ	4023	;# 
   512   000FB7                     CCP1DEL         equ	4023	;# 
   513   000FB8                     BAUDCON         equ	4024	;# 
   514   000FB8                     BAUDCTL         equ	4024	;# 
   515   000FBA                     CCP2CON         equ	4026	;# 
   516   000FBB                     CCPR2           equ	4027	;# 
   517   000FBB                     CCPR2L          equ	4027	;# 
   518   000FBC                     CCPR2H          equ	4028	;# 
   519   000FBD                     CCP1CON         equ	4029	;# 
   520   000FBD                     ECCP1CON        equ	4029	;# 
   521   000FBE                     CCPR1           equ	4030	;# 
   522   000FBE                     CCPR1L          equ	4030	;# 
   523   000FBF                     CCPR1H          equ	4031	;# 
   524   000FC0                     ADCON2          equ	4032	;# 
   525   000FC1                     ADCON1          equ	4033	;# 
   526   000FC2                     ADCON0          equ	4034	;# 
   527   000FC3                     ADRES           equ	4035	;# 
   528   000FC3                     ADRESL          equ	4035	;# 
   529   000FC4                     ADRESH          equ	4036	;# 
   530   000FC5                     SSPCON2         equ	4037	;# 
   531   000FC6                     SSPCON1         equ	4038	;# 
   532   000FC7                     SSPSTAT         equ	4039	;# 
   533   000FC8                     SSPADD          equ	4040	;# 
   534   000FC9                     SSPBUF          equ	4041	;# 
   535   000FCA                     T2CON           equ	4042	;# 
   536   000FCB                     PR2             equ	4043	;# 
   537   000FCB                     MEMCON          equ	4043	;# 
   538   000FCC                     TMR2            equ	4044	;# 
   539   000FCD                     T1CON           equ	4045	;# 
   540   000FCE                     TMR1            equ	4046	;# 
   541   000FCE                     TMR1L           equ	4046	;# 
   542   000FCF                     TMR1H           equ	4047	;# 
   543   000FD0                     RCON            equ	4048	;# 
   544   000FD1                     WDTCON          equ	4049	;# 
   545   000FD2                     HLVDCON         equ	4050	;# 
   546   000FD2                     LVDCON          equ	4050	;# 
   547   000FD3                     OSCCON          equ	4051	;# 
   548   000FD5                     T0CON           equ	4053	;# 
   549   000FD6                     TMR0            equ	4054	;# 
   550   000FD6                     TMR0L           equ	4054	;# 
   551   000FD7                     TMR0H           equ	4055	;# 
   552   000FD8                     STATUS          equ	4056	;# 
   553   000FD9                     FSR2            equ	4057	;# 
   554   000FD9                     FSR2L           equ	4057	;# 
   555   000FDA                     FSR2H           equ	4058	;# 
   556   000FDB                     PLUSW2          equ	4059	;# 
   557   000FDC                     PREINC2         equ	4060	;# 
   558   000FDD                     POSTDEC2        equ	4061	;# 
   559   000FDE                     POSTINC2        equ	4062	;# 
   560   000FDF                     INDF2           equ	4063	;# 
   561   000FE0                     BSR             equ	4064	;# 
   562   000FE1                     FSR1            equ	4065	;# 
   563   000FE1                     FSR1L           equ	4065	;# 
   564   000FE2                     FSR1H           equ	4066	;# 
   565   000FE3                     PLUSW1          equ	4067	;# 
   566   000FE4                     PREINC1         equ	4068	;# 
   567   000FE5                     POSTDEC1        equ	4069	;# 
   568   000FE6                     POSTINC1        equ	4070	;# 
   569   000FE7                     INDF1           equ	4071	;# 
   570   000FE8                     WREG            equ	4072	;# 
   571   000FE9                     FSR0            equ	4073	;# 
   572   000FE9                     FSR0L           equ	4073	;# 
   573   000FEA                     FSR0H           equ	4074	;# 
   574   000FEB                     PLUSW0          equ	4075	;# 
   575   000FEC                     PREINC0         equ	4076	;# 
   576   000FED                     POSTDEC0        equ	4077	;# 
   577   000FEE                     POSTINC0        equ	4078	;# 
   578   000FEF                     INDF0           equ	4079	;# 
   579   000FF0                     INTCON3         equ	4080	;# 
   580   000FF1                     INTCON2         equ	4081	;# 
   581   000FF2                     INTCON          equ	4082	;# 
   582   000FF3                     PROD            equ	4083	;# 
   583   000FF3                     PRODL           equ	4083	;# 
   584   000FF4                     PRODH           equ	4084	;# 
   585   000FF5                     TABLAT          equ	4085	;# 
   586   000FF6                     TBLPTR          equ	4086	;# 
   587   000FF6                     TBLPTRL         equ	4086	;# 
   588   000FF7                     TBLPTRH         equ	4087	;# 
   589   000FF8                     TBLPTRU         equ	4088	;# 
   590   000FF9                     PCLAT           equ	4089	;# 
   591   000FF9                     PC              equ	4089	;# 
   592   000FF9                     PCL             equ	4089	;# 
   593   000FFA                     PCLATH          equ	4090	;# 
   594   000FFB                     PCLATU          equ	4091	;# 
   595   000FFC                     STKPTR          equ	4092	;# 
   596   000FFD                     TOS             equ	4093	;# 
   597   000FFD                     TOSL            equ	4093	;# 
   598   000FFE                     TOSH            equ	4094	;# 
   599   000FFF                     TOSU            equ	4095	;# 
   600   000F62                     SPPDATA         equ	3938	;# 
   601   000F63                     SPPCFG          equ	3939	;# 
   602   000F64                     SPPEPS          equ	3940	;# 
   603   000F65                     SPPCON          equ	3941	;# 
   604   000F66                     UFRM            equ	3942	;# 
   605   000F66                     UFRML           equ	3942	;# 
   606   000F67                     UFRMH           equ	3943	;# 
   607   000F68                     UIR             equ	3944	;# 
   608   000F69                     UIE             equ	3945	;# 
   609   000F6A                     UEIR            equ	3946	;# 
   610   000F6B                     UEIE            equ	3947	;# 
   611   000F6C                     USTAT           equ	3948	;# 
   612   000F6D                     UCON            equ	3949	;# 
   613   000F6E                     UADDR           equ	3950	;# 
   614   000F6F                     UCFG            equ	3951	;# 
   615   000F70                     UEP0            equ	3952	;# 
   616   000F71                     UEP1            equ	3953	;# 
   617   000F72                     UEP2            equ	3954	;# 
   618   000F73                     UEP3            equ	3955	;# 
   619   000F74                     UEP4            equ	3956	;# 
   620   000F75                     UEP5            equ	3957	;# 
   621   000F76                     UEP6            equ	3958	;# 
   622   000F77                     UEP7            equ	3959	;# 
   623   000F78                     UEP8            equ	3960	;# 
   624   000F79                     UEP9            equ	3961	;# 
   625   000F7A                     UEP10           equ	3962	;# 
   626   000F7B                     UEP11           equ	3963	;# 
   627   000F7C                     UEP12           equ	3964	;# 
   628   000F7D                     UEP13           equ	3965	;# 
   629   000F7E                     UEP14           equ	3966	;# 
   630   000F7F                     UEP15           equ	3967	;# 
   631   000F80                     PORTA           equ	3968	;# 
   632   000F81                     PORTB           equ	3969	;# 
   633   000F82                     PORTC           equ	3970	;# 
   634   000F83                     PORTD           equ	3971	;# 
   635   000F84                     PORTE           equ	3972	;# 
   636   000F89                     LATA            equ	3977	;# 
   637   000F8A                     LATB            equ	3978	;# 
   638   000F8B                     LATC            equ	3979	;# 
   639   000F8C                     LATD            equ	3980	;# 
   640   000F8D                     LATE            equ	3981	;# 
   641   000F92                     TRISA           equ	3986	;# 
   642   000F92                     DDRA            equ	3986	;# 
   643   000F93                     TRISB           equ	3987	;# 
   644   000F93                     DDRB            equ	3987	;# 
   645   000F94                     TRISC           equ	3988	;# 
   646   000F94                     DDRC            equ	3988	;# 
   647   000F95                     TRISD           equ	3989	;# 
   648   000F95                     DDRD            equ	3989	;# 
   649   000F96                     TRISE           equ	3990	;# 
   650   000F96                     DDRE            equ	3990	;# 
   651   000F9B                     OSCTUNE         equ	3995	;# 
   652   000F9D                     PIE1            equ	3997	;# 
   653   000F9E                     PIR1            equ	3998	;# 
   654   000F9F                     IPR1            equ	3999	;# 
   655   000FA0                     PIE2            equ	4000	;# 
   656   000FA1                     PIR2            equ	4001	;# 
   657   000FA2                     IPR2            equ	4002	;# 
   658   000FA6                     EECON1          equ	4006	;# 
   659   000FA7                     EECON2          equ	4007	;# 
   660   000FA8                     EEDATA          equ	4008	;# 
   661   000FA9                     EEADR           equ	4009	;# 
   662   000FAB                     RCSTA           equ	4011	;# 
   663   000FAB                     RCSTA1          equ	4011	;# 
   664   000FAC                     TXSTA           equ	4012	;# 
   665   000FAC                     TXSTA1          equ	4012	;# 
   666   000FAD                     TXREG           equ	4013	;# 
   667   000FAD                     TXREG1          equ	4013	;# 
   668   000FAE                     RCREG           equ	4014	;# 
   669   000FAE                     RCREG1          equ	4014	;# 
   670   000FAF                     SPBRG           equ	4015	;# 
   671   000FAF                     SPBRG1          equ	4015	;# 
   672   000FB0                     SPBRGH          equ	4016	;# 
   673   000FB1                     T3CON           equ	4017	;# 
   674   000FB2                     TMR3            equ	4018	;# 
   675   000FB2                     TMR3L           equ	4018	;# 
   676   000FB3                     TMR3H           equ	4019	;# 
   677   000FB4                     CMCON           equ	4020	;# 
   678   000FB5                     CVRCON          equ	4021	;# 
   679   000FB6                     ECCP1AS         equ	4022	;# 
   680   000FB6                     CCP1AS          equ	4022	;# 
   681   000FB7                     ECCP1DEL        equ	4023	;# 
   682   000FB7                     CCP1DEL         equ	4023	;# 
   683   000FB8                     BAUDCON         equ	4024	;# 
   684   000FB8                     BAUDCTL         equ	4024	;# 
   685   000FBA                     CCP2CON         equ	4026	;# 
   686   000FBB                     CCPR2           equ	4027	;# 
   687   000FBB                     CCPR2L          equ	4027	;# 
   688   000FBC                     CCPR2H          equ	4028	;# 
   689   000FBD                     CCP1CON         equ	4029	;# 
   690   000FBD                     ECCP1CON        equ	4029	;# 
   691   000FBE                     CCPR1           equ	4030	;# 
   692   000FBE                     CCPR1L          equ	4030	;# 
   693   000FBF                     CCPR1H          equ	4031	;# 
   694   000FC0                     ADCON2          equ	4032	;# 
   695   000FC1                     ADCON1          equ	4033	;# 
   696   000FC2                     ADCON0          equ	4034	;# 
   697   000FC3                     ADRES           equ	4035	;# 
   698   000FC3                     ADRESL          equ	4035	;# 
   699   000FC4                     ADRESH          equ	4036	;# 
   700   000FC5                     SSPCON2         equ	4037	;# 
   701   000FC6                     SSPCON1         equ	4038	;# 
   702   000FC7                     SSPSTAT         equ	4039	;# 
   703   000FC8                     SSPADD          equ	4040	;# 
   704   000FC9                     SSPBUF          equ	4041	;# 
   705   000FCA                     T2CON           equ	4042	;# 
   706   000FCB                     PR2             equ	4043	;# 
   707   000FCB                     MEMCON          equ	4043	;# 
   708   000FCC                     TMR2            equ	4044	;# 
   709   000FCD                     T1CON           equ	4045	;# 
   710   000FCE                     TMR1            equ	4046	;# 
   711   000FCE                     TMR1L           equ	4046	;# 
   712   000FCF                     TMR1H           equ	4047	;# 
   713   000FD0                     RCON            equ	4048	;# 
   714   000FD1                     WDTCON          equ	4049	;# 
   715   000FD2                     HLVDCON         equ	4050	;# 
   716   000FD2                     LVDCON          equ	4050	;# 
   717   000FD3                     OSCCON          equ	4051	;# 
   718   000FD5                     T0CON           equ	4053	;# 
   719   000FD6                     TMR0            equ	4054	;# 
   720   000FD6                     TMR0L           equ	4054	;# 
   721   000FD7                     TMR0H           equ	4055	;# 
   722   000FD8                     STATUS          equ	4056	;# 
   723   000FD9                     FSR2            equ	4057	;# 
   724   000FD9                     FSR2L           equ	4057	;# 
   725   000FDA                     FSR2H           equ	4058	;# 
   726   000FDB                     PLUSW2          equ	4059	;# 
   727   000FDC                     PREINC2         equ	4060	;# 
   728   000FDD                     POSTDEC2        equ	4061	;# 
   729   000FDE                     POSTINC2        equ	4062	;# 
   730   000FDF                     INDF2           equ	4063	;# 
   731   000FE0                     BSR             equ	4064	;# 
   732   000FE1                     FSR1            equ	4065	;# 
   733   000FE1                     FSR1L           equ	4065	;# 
   734   000FE2                     FSR1H           equ	4066	;# 
   735   000FE3                     PLUSW1          equ	4067	;# 
   736   000FE4                     PREINC1         equ	4068	;# 
   737   000FE5                     POSTDEC1        equ	4069	;# 
   738   000FE6                     POSTINC1        equ	4070	;# 
   739   000FE7                     INDF1           equ	4071	;# 
   740   000FE8                     WREG            equ	4072	;# 
   741   000FE9                     FSR0            equ	4073	;# 
   742   000FE9                     FSR0L           equ	4073	;# 
   743   000FEA                     FSR0H           equ	4074	;# 
   744   000FEB                     PLUSW0          equ	4075	;# 
   745   000FEC                     PREINC0         equ	4076	;# 
   746   000FED                     POSTDEC0        equ	4077	;# 
   747   000FEE                     POSTINC0        equ	4078	;# 
   748   000FEF                     INDF0           equ	4079	;# 
   749   000FF0                     INTCON3         equ	4080	;# 
   750   000FF1                     INTCON2         equ	4081	;# 
   751   000FF2                     INTCON          equ	4082	;# 
   752   000FF3                     PROD            equ	4083	;# 
   753   000FF3                     PRODL           equ	4083	;# 
   754   000FF4                     PRODH           equ	4084	;# 
   755   000FF5                     TABLAT          equ	4085	;# 
   756   000FF6                     TBLPTR          equ	4086	;# 
   757   000FF6                     TBLPTRL         equ	4086	;# 
   758   000FF7                     TBLPTRH         equ	4087	;# 
   759   000FF8                     TBLPTRU         equ	4088	;# 
   760   000FF9                     PCLAT           equ	4089	;# 
   761   000FF9                     PC              equ	4089	;# 
   762   000FF9                     PCL             equ	4089	;# 
   763   000FFA                     PCLATH          equ	4090	;# 
   764   000FFB                     PCLATU          equ	4091	;# 
   765   000FFC                     STKPTR          equ	4092	;# 
   766   000FFD                     TOS             equ	4093	;# 
   767   000FFD                     TOSL            equ	4093	;# 
   768   000FFE                     TOSH            equ	4094	;# 
   769   000FFF                     TOSU            equ	4095	;# 
   770   000F62                     SPPDATA         equ	3938	;# 
   771   000F63                     SPPCFG          equ	3939	;# 
   772   000F64                     SPPEPS          equ	3940	;# 
   773   000F65                     SPPCON          equ	3941	;# 
   774   000F66                     UFRM            equ	3942	;# 
   775   000F66                     UFRML           equ	3942	;# 
   776   000F67                     UFRMH           equ	3943	;# 
   777   000F68                     UIR             equ	3944	;# 
   778   000F69                     UIE             equ	3945	;# 
   779   000F6A                     UEIR            equ	3946	;# 
   780   000F6B                     UEIE            equ	3947	;# 
   781   000F6C                     USTAT           equ	3948	;# 
   782   000F6D                     UCON            equ	3949	;# 
   783   000F6E                     UADDR           equ	3950	;# 
   784   000F6F                     UCFG            equ	3951	;# 
   785   000F70                     UEP0            equ	3952	;# 
   786   000F71                     UEP1            equ	3953	;# 
   787   000F72                     UEP2            equ	3954	;# 
   788   000F73                     UEP3            equ	3955	;# 
   789   000F74                     UEP4            equ	3956	;# 
   790   000F75                     UEP5            equ	3957	;# 
   791   000F76                     UEP6            equ	3958	;# 
   792   000F77                     UEP7            equ	3959	;# 
   793   000F78                     UEP8            equ	3960	;# 
   794   000F79                     UEP9            equ	3961	;# 
   795   000F7A                     UEP10           equ	3962	;# 
   796   000F7B                     UEP11           equ	3963	;# 
   797   000F7C                     UEP12           equ	3964	;# 
   798   000F7D                     UEP13           equ	3965	;# 
   799   000F7E                     UEP14           equ	3966	;# 
   800   000F7F                     UEP15           equ	3967	;# 
   801   000F80                     PORTA           equ	3968	;# 
   802   000F81                     PORTB           equ	3969	;# 
   803   000F82                     PORTC           equ	3970	;# 
   804   000F83                     PORTD           equ	3971	;# 
   805   000F84                     PORTE           equ	3972	;# 
   806   000F89                     LATA            equ	3977	;# 
   807   000F8A                     LATB            equ	3978	;# 
   808   000F8B                     LATC            equ	3979	;# 
   809   000F8C                     LATD            equ	3980	;# 
   810   000F8D                     LATE            equ	3981	;# 
   811   000F92                     TRISA           equ	3986	;# 
   812   000F92                     DDRA            equ	3986	;# 
   813   000F93                     TRISB           equ	3987	;# 
   814   000F93                     DDRB            equ	3987	;# 
   815   000F94                     TRISC           equ	3988	;# 
   816   000F94                     DDRC            equ	3988	;# 
   817   000F95                     TRISD           equ	3989	;# 
   818   000F95                     DDRD            equ	3989	;# 
   819   000F96                     TRISE           equ	3990	;# 
   820   000F96                     DDRE            equ	3990	;# 
   821   000F9B                     OSCTUNE         equ	3995	;# 
   822   000F9D                     PIE1            equ	3997	;# 
   823   000F9E                     PIR1            equ	3998	;# 
   824   000F9F                     IPR1            equ	3999	;# 
   825   000FA0                     PIE2            equ	4000	;# 
   826   000FA1                     PIR2            equ	4001	;# 
   827   000FA2                     IPR2            equ	4002	;# 
   828   000FA6                     EECON1          equ	4006	;# 
   829   000FA7                     EECON2          equ	4007	;# 
   830   000FA8                     EEDATA          equ	4008	;# 
   831   000FA9                     EEADR           equ	4009	;# 
   832   000FAB                     RCSTA           equ	4011	;# 
   833   000FAB                     RCSTA1          equ	4011	;# 
   834   000FAC                     TXSTA           equ	4012	;# 
   835   000FAC                     TXSTA1          equ	4012	;# 
   836   000FAD                     TXREG           equ	4013	;# 
   837   000FAD                     TXREG1          equ	4013	;# 
   838   000FAE                     RCREG           equ	4014	;# 
   839   000FAE                     RCREG1          equ	4014	;# 
   840   000FAF                     SPBRG           equ	4015	;# 
   841   000FAF                     SPBRG1          equ	4015	;# 
   842   000FB0                     SPBRGH          equ	4016	;# 
   843   000FB1                     T3CON           equ	4017	;# 
   844   000FB2                     TMR3            equ	4018	;# 
   845   000FB2                     TMR3L           equ	4018	;# 
   846   000FB3                     TMR3H           equ	4019	;# 
   847   000FB4                     CMCON           equ	4020	;# 
   848   000FB5                     CVRCON          equ	4021	;# 
   849   000FB6                     ECCP1AS         equ	4022	;# 
   850   000FB6                     CCP1AS          equ	4022	;# 
   851   000FB7                     ECCP1DEL        equ	4023	;# 
   852   000FB7                     CCP1DEL         equ	4023	;# 
   853   000FB8                     BAUDCON         equ	4024	;# 
   854   000FB8                     BAUDCTL         equ	4024	;# 
   855   000FBA                     CCP2CON         equ	4026	;# 
   856   000FBB                     CCPR2           equ	4027	;# 
   857   000FBB                     CCPR2L          equ	4027	;# 
   858   000FBC                     CCPR2H          equ	4028	;# 
   859   000FBD                     CCP1CON         equ	4029	;# 
   860   000FBD                     ECCP1CON        equ	4029	;# 
   861   000FBE                     CCPR1           equ	4030	;# 
   862   000FBE                     CCPR1L          equ	4030	;# 
   863   000FBF                     CCPR1H          equ	4031	;# 
   864   000FC0                     ADCON2          equ	4032	;# 
   865   000FC1                     ADCON1          equ	4033	;# 
   866   000FC2                     ADCON0          equ	4034	;# 
   867   000FC3                     ADRES           equ	4035	;# 
   868   000FC3                     ADRESL          equ	4035	;# 
   869   000FC4                     ADRESH          equ	4036	;# 
   870   000FC5                     SSPCON2         equ	4037	;# 
   871   000FC6                     SSPCON1         equ	4038	;# 
   872   000FC7                     SSPSTAT         equ	4039	;# 
   873   000FC8                     SSPADD          equ	4040	;# 
   874   000FC9                     SSPBUF          equ	4041	;# 
   875   000FCA                     T2CON           equ	4042	;# 
   876   000FCB                     PR2             equ	4043	;# 
   877   000FCB                     MEMCON          equ	4043	;# 
   878   000FCC                     TMR2            equ	4044	;# 
   879   000FCD                     T1CON           equ	4045	;# 
   880   000FCE                     TMR1            equ	4046	;# 
   881   000FCE                     TMR1L           equ	4046	;# 
   882   000FCF                     TMR1H           equ	4047	;# 
   883   000FD0                     RCON            equ	4048	;# 
   884   000FD1                     WDTCON          equ	4049	;# 
   885   000FD2                     HLVDCON         equ	4050	;# 
   886   000FD2                     LVDCON          equ	4050	;# 
   887   000FD3                     OSCCON          equ	4051	;# 
   888   000FD5                     T0CON           equ	4053	;# 
   889   000FD6                     TMR0            equ	4054	;# 
   890   000FD6                     TMR0L           equ	4054	;# 
   891   000FD7                     TMR0H           equ	4055	;# 
   892   000FD8                     STATUS          equ	4056	;# 
   893   000FD9                     FSR2            equ	4057	;# 
   894   000FD9                     FSR2L           equ	4057	;# 
   895   000FDA                     FSR2H           equ	4058	;# 
   896   000FDB                     PLUSW2          equ	4059	;# 
   897   000FDC                     PREINC2         equ	4060	;# 
   898   000FDD                     POSTDEC2        equ	4061	;# 
   899   000FDE                     POSTINC2        equ	4062	;# 
   900   000FDF                     INDF2           equ	4063	;# 
   901   000FE0                     BSR             equ	4064	;# 
   902   000FE1                     FSR1            equ	4065	;# 
   903   000FE1                     FSR1L           equ	4065	;# 
   904   000FE2                     FSR1H           equ	4066	;# 
   905   000FE3                     PLUSW1          equ	4067	;# 
   906   000FE4                     PREINC1         equ	4068	;# 
   907   000FE5                     POSTDEC1        equ	4069	;# 
   908   000FE6                     POSTINC1        equ	4070	;# 
   909   000FE7                     INDF1           equ	4071	;# 
   910   000FE8                     WREG            equ	4072	;# 
   911   000FE9                     FSR0            equ	4073	;# 
   912   000FE9                     FSR0L           equ	4073	;# 
   913   000FEA                     FSR0H           equ	4074	;# 
   914   000FEB                     PLUSW0          equ	4075	;# 
   915   000FEC                     PREINC0         equ	4076	;# 
   916   000FED                     POSTDEC0        equ	4077	;# 
   917   000FEE                     POSTINC0        equ	4078	;# 
   918   000FEF                     INDF0           equ	4079	;# 
   919   000FF0                     INTCON3         equ	4080	;# 
   920   000FF1                     INTCON2         equ	4081	;# 
   921   000FF2                     INTCON          equ	4082	;# 
   922   000FF3                     PROD            equ	4083	;# 
   923   000FF3                     PRODL           equ	4083	;# 
   924   000FF4                     PRODH           equ	4084	;# 
   925   000FF5                     TABLAT          equ	4085	;# 
   926   000FF6                     TBLPTR          equ	4086	;# 
   927   000FF6                     TBLPTRL         equ	4086	;# 
   928   000FF7                     TBLPTRH         equ	4087	;# 
   929   000FF8                     TBLPTRU         equ	4088	;# 
   930   000FF9                     PCLAT           equ	4089	;# 
   931   000FF9                     PC              equ	4089	;# 
   932   000FF9                     PCL             equ	4089	;# 
   933   000FFA                     PCLATH          equ	4090	;# 
   934   000FFB                     PCLATU          equ	4091	;# 
   935   000FFC                     STKPTR          equ	4092	;# 
   936   000FFD                     TOS             equ	4093	;# 
   937   000FFD                     TOSL            equ	4093	;# 
   938   000FFE                     TOSH            equ	4094	;# 
   939   000FFF                     TOSU            equ	4095	;# 
   940   000F62                     SPPDATA         equ	3938	;# 
   941   000F63                     SPPCFG          equ	3939	;# 
   942   000F64                     SPPEPS          equ	3940	;# 
   943   000F65                     SPPCON          equ	3941	;# 
   944   000F66                     UFRM            equ	3942	;# 
   945   000F66                     UFRML           equ	3942	;# 
   946   000F67                     UFRMH           equ	3943	;# 
   947   000F68                     UIR             equ	3944	;# 
   948   000F69                     UIE             equ	3945	;# 
   949   000F6A                     UEIR            equ	3946	;# 
   950   000F6B                     UEIE            equ	3947	;# 
   951   000F6C                     USTAT           equ	3948	;# 
   952   000F6D                     UCON            equ	3949	;# 
   953   000F6E                     UADDR           equ	3950	;# 
   954   000F6F                     UCFG            equ	3951	;# 
   955   000F70                     UEP0            equ	3952	;# 
   956   000F71                     UEP1            equ	3953	;# 
   957   000F72                     UEP2            equ	3954	;# 
   958   000F73                     UEP3            equ	3955	;# 
   959   000F74                     UEP4            equ	3956	;# 
   960   000F75                     UEP5            equ	3957	;# 
   961   000F76                     UEP6            equ	3958	;# 
   962   000F77                     UEP7            equ	3959	;# 
   963   000F78                     UEP8            equ	3960	;# 
   964   000F79                     UEP9            equ	3961	;# 
   965   000F7A                     UEP10           equ	3962	;# 
   966   000F7B                     UEP11           equ	3963	;# 
   967   000F7C                     UEP12           equ	3964	;# 
   968   000F7D                     UEP13           equ	3965	;# 
   969   000F7E                     UEP14           equ	3966	;# 
   970   000F7F                     UEP15           equ	3967	;# 
   971   000F80                     PORTA           equ	3968	;# 
   972   000F81                     PORTB           equ	3969	;# 
   973   000F82                     PORTC           equ	3970	;# 
   974   000F83                     PORTD           equ	3971	;# 
   975   000F84                     PORTE           equ	3972	;# 
   976   000F89                     LATA            equ	3977	;# 
   977   000F8A                     LATB            equ	3978	;# 
   978   000F8B                     LATC            equ	3979	;# 
   979   000F8C                     LATD            equ	3980	;# 
   980   000F8D                     LATE            equ	3981	;# 
   981   000F92                     TRISA           equ	3986	;# 
   982   000F92                     DDRA            equ	3986	;# 
   983   000F93                     TRISB           equ	3987	;# 
   984   000F93                     DDRB            equ	3987	;# 
   985   000F94                     TRISC           equ	3988	;# 
   986   000F94                     DDRC            equ	3988	;# 
   987   000F95                     TRISD           equ	3989	;# 
   988   000F95                     DDRD            equ	3989	;# 
   989   000F96                     TRISE           equ	3990	;# 
   990   000F96                     DDRE            equ	3990	;# 
   991   000F9B                     OSCTUNE         equ	3995	;# 
   992   000F9D                     PIE1            equ	3997	;# 
   993   000F9E                     PIR1            equ	3998	;# 
   994   000F9F                     IPR1            equ	3999	;# 
   995   000FA0                     PIE2            equ	4000	;# 
   996   000FA1                     PIR2            equ	4001	;# 
   997   000FA2                     IPR2            equ	4002	;# 
   998   000FA6                     EECON1          equ	4006	;# 
   999   000FA7                     EECON2          equ	4007	;# 
  1000   000FA8                     EEDATA          equ	4008	;# 
  1001   000FA9                     EEADR           equ	4009	;# 
  1002   000FAB                     RCSTA           equ	4011	;# 
  1003   000FAB                     RCSTA1          equ	4011	;# 
  1004   000FAC                     TXSTA           equ	4012	;# 
  1005   000FAC                     TXSTA1          equ	4012	;# 
  1006   000FAD                     TXREG           equ	4013	;# 
  1007   000FAD                     TXREG1          equ	4013	;# 
  1008   000FAE                     RCREG           equ	4014	;# 
  1009   000FAE                     RCREG1          equ	4014	;# 
  1010   000FAF                     SPBRG           equ	4015	;# 
  1011   000FAF                     SPBRG1          equ	4015	;# 
  1012   000FB0                     SPBRGH          equ	4016	;# 
  1013   000FB1                     T3CON           equ	4017	;# 
  1014   000FB2                     TMR3            equ	4018	;# 
  1015   000FB2                     TMR3L           equ	4018	;# 
  1016   000FB3                     TMR3H           equ	4019	;# 
  1017   000FB4                     CMCON           equ	4020	;# 
  1018   000FB5                     CVRCON          equ	4021	;# 
  1019   000FB6                     ECCP1AS         equ	4022	;# 
  1020   000FB6                     CCP1AS          equ	4022	;# 
  1021   000FB7                     ECCP1DEL        equ	4023	;# 
  1022   000FB7                     CCP1DEL         equ	4023	;# 
  1023   000FB8                     BAUDCON         equ	4024	;# 
  1024   000FB8                     BAUDCTL         equ	4024	;# 
  1025   000FBA                     CCP2CON         equ	4026	;# 
  1026   000FBB                     CCPR2           equ	4027	;# 
  1027   000FBB                     CCPR2L          equ	4027	;# 
  1028   000FBC                     CCPR2H          equ	4028	;# 
  1029   000FBD                     CCP1CON         equ	4029	;# 
  1030   000FBD                     ECCP1CON        equ	4029	;# 
  1031   000FBE                     CCPR1           equ	4030	;# 
  1032   000FBE                     CCPR1L          equ	4030	;# 
  1033   000FBF                     CCPR1H          equ	4031	;# 
  1034   000FC0                     ADCON2          equ	4032	;# 
  1035   000FC1                     ADCON1          equ	4033	;# 
  1036   000FC2                     ADCON0          equ	4034	;# 
  1037   000FC3                     ADRES           equ	4035	;# 
  1038   000FC3                     ADRESL          equ	4035	;# 
  1039   000FC4                     ADRESH          equ	4036	;# 
  1040   000FC5                     SSPCON2         equ	4037	;# 
  1041   000FC6                     SSPCON1         equ	4038	;# 
  1042   000FC7                     SSPSTAT         equ	4039	;# 
  1043   000FC8                     SSPADD          equ	4040	;# 
  1044   000FC9                     SSPBUF          equ	4041	;# 
  1045   000FCA                     T2CON           equ	4042	;# 
  1046   000FCB                     PR2             equ	4043	;# 
  1047   000FCB                     MEMCON          equ	4043	;# 
  1048   000FCC                     TMR2            equ	4044	;# 
  1049   000FCD                     T1CON           equ	4045	;# 
  1050   000FCE                     TMR1            equ	4046	;# 
  1051   000FCE                     TMR1L           equ	4046	;# 
  1052   000FCF                     TMR1H           equ	4047	;# 
  1053   000FD0                     RCON            equ	4048	;# 
  1054   000FD1                     WDTCON          equ	4049	;# 
  1055   000FD2                     HLVDCON         equ	4050	;# 
  1056   000FD2                     LVDCON          equ	4050	;# 
  1057   000FD3                     OSCCON          equ	4051	;# 
  1058   000FD5                     T0CON           equ	4053	;# 
  1059   000FD6                     TMR0            equ	4054	;# 
  1060   000FD6                     TMR0L           equ	4054	;# 
  1061   000FD7                     TMR0H           equ	4055	;# 
  1062   000FD8                     STATUS          equ	4056	;# 
  1063   000FD9                     FSR2            equ	4057	;# 
  1064   000FD9                     FSR2L           equ	4057	;# 
  1065   000FDA                     FSR2H           equ	4058	;# 
  1066   000FDB                     PLUSW2          equ	4059	;# 
  1067   000FDC                     PREINC2         equ	4060	;# 
  1068   000FDD                     POSTDEC2        equ	4061	;# 
  1069   000FDE                     POSTINC2        equ	4062	;# 
  1070   000FDF                     INDF2           equ	4063	;# 
  1071   000FE0                     BSR             equ	4064	;# 
  1072   000FE1                     FSR1            equ	4065	;# 
  1073   000FE1                     FSR1L           equ	4065	;# 
  1074   000FE2                     FSR1H           equ	4066	;# 
  1075   000FE3                     PLUSW1          equ	4067	;# 
  1076   000FE4                     PREINC1         equ	4068	;# 
  1077   000FE5                     POSTDEC1        equ	4069	;# 
  1078   000FE6                     POSTINC1        equ	4070	;# 
  1079   000FE7                     INDF1           equ	4071	;# 
  1080   000FE8                     WREG            equ	4072	;# 
  1081   000FE9                     FSR0            equ	4073	;# 
  1082   000FE9                     FSR0L           equ	4073	;# 
  1083   000FEA                     FSR0H           equ	4074	;# 
  1084   000FEB                     PLUSW0          equ	4075	;# 
  1085   000FEC                     PREINC0         equ	4076	;# 
  1086   000FED                     POSTDEC0        equ	4077	;# 
  1087   000FEE                     POSTINC0        equ	4078	;# 
  1088   000FEF                     INDF0           equ	4079	;# 
  1089   000FF0                     INTCON3         equ	4080	;# 
  1090   000FF1                     INTCON2         equ	4081	;# 
  1091   000FF2                     INTCON          equ	4082	;# 
  1092   000FF3                     PROD            equ	4083	;# 
  1093   000FF3                     PRODL           equ	4083	;# 
  1094   000FF4                     PRODH           equ	4084	;# 
  1095   000FF5                     TABLAT          equ	4085	;# 
  1096   000FF6                     TBLPTR          equ	4086	;# 
  1097   000FF6                     TBLPTRL         equ	4086	;# 
  1098   000FF7                     TBLPTRH         equ	4087	;# 
  1099   000FF8                     TBLPTRU         equ	4088	;# 
  1100   000FF9                     PCLAT           equ	4089	;# 
  1101   000FF9                     PC              equ	4089	;# 
  1102   000FF9                     PCL             equ	4089	;# 
  1103   000FFA                     PCLATH          equ	4090	;# 
  1104   000FFB                     PCLATU          equ	4091	;# 
  1105   000FFC                     STKPTR          equ	4092	;# 
  1106   000FFD                     TOS             equ	4093	;# 
  1107   000FFD                     TOSL            equ	4093	;# 
  1108   000FFE                     TOSH            equ	4094	;# 
  1109   000FFF                     TOSU            equ	4095	;# 
  1110   000FF2                     _INTCONbits     set	4082
  1111   000FD0                     _RCONbits       set	4048
  1112   000FD3                     _OSCCON         set	4051
  1113   000F95                     _DDRD           set	3989
  1114   000FF0                     _INTCON3bits    set	4080
  1115   000F83                     _PORTDbits      set	3971
  1116   000F93                     _TRISBbits      set	3987
  1117   000F83                     _PORTD          set	3971
  1118   000F81                     _PORTBbits      set	3969
  1119   000F93                     _TRISB          set	3987
  1120   000F95                     _TRISD          set	3989
  1121                           
  1122                           ; #config settings
  1123                           
  1124                           	psect	cinit
  1125   00084E                     __pcinit:
  1126                           	callstack 0
  1127   00084E                     start_initialization:
  1128                           	callstack 0
  1129   00084E                     __initialization:
  1130                           	callstack 0
  1131                           
  1132                           ; Clear objects allocated to COMRAM (1 bytes)
  1133   00084E  6A03               	clrf	__pbssCOMRAM& (0+255),c
  1134   000850                     end_of_initialization:
  1135                           	callstack 0
  1136   000850                     __end_of__initialization:
  1137                           	callstack 0
  1138   000850  0100               	movlb	0
  1139   000852  EF1F  F004         	goto	_main	;jump to C main() function
  1140                           
  1141                           	psect	bssCOMRAM
  1142   000003                     __pbssCOMRAM:
  1143                           	callstack 0
  1144   000003                     _contador:
  1145                           	callstack 0
  1146   000003                     	ds	1
  1147                           
  1148                           	psect	cstackCOMRAM
  1149   000001                     __pcstackCOMRAM:
  1150                           	callstack 0
  1151   000001                     ??_main_pr03:
  1152                           
  1153                           ; 1 bytes @ 0x0
  1154   000001                     	ds	2
  1155   000003                     
  1156                           ; 1 bytes @ 0x2
  1157 ;;
  1158 ;;Main: autosize = 0, tempsize = 0, incstack = 0, save=0
  1159 ;;
  1160 ;; *************** function _main *****************
  1161 ;; Defined at:
  1162 ;;		line 29 in file "../Scripts/aulinha01.c"
  1163 ;; Parameters:    Size  Location     Type
  1164 ;;		None
  1165 ;; Auto vars:     Size  Location     Type
  1166 ;;		None
  1167 ;; Return value:  Size  Location     Type
  1168 ;;                  1    wreg      void 
  1169 ;; Registers used:
  1170 ;;		wreg, status,2, cstack
  1171 ;; Tracked objects:
  1172 ;;		On entry : 0/0
  1173 ;;		On exit  : 0/0
  1174 ;;		Unchanged: 0/0
  1175 ;; Data sizes:     COMRAM   BANK0   BANK1   BANK2   BANK3   BANK4   BANK5   BANK6   BANK7
  1176 ;;      Params:         0       0       0       0       0       0       0       0       0
  1177 ;;      Locals:         0       0       0       0       0       0       0       0       0
  1178 ;;      Temps:          0       0       0       0       0       0       0       0       0
  1179 ;;      Totals:         0       0       0       0       0       0       0       0       0
  1180 ;;Total ram usage:        0 bytes
  1181 ;; Hardware stack levels required when called: 1
  1182 ;; This function calls:
  1183 ;;		_main_pr03
  1184 ;; This function is called by:
  1185 ;;		Startup code after reset
  1186 ;; This function uses a non-reentrant model
  1187 ;;
  1188                           
  1189                           	psect	text0
  1190   00083E                     __ptext0:
  1191                           	callstack 0
  1192   00083E                     _main:
  1193                           	callstack 30
  1194   00083E                     
  1195                           ;../Scripts/aulinha01.c: 36:     main_pr03();
  1196   00083E  EC01  F004         	call	_main_pr03	;wreg free
  1197   000842                     l7:
  1198                           
  1199                           ;../Scripts/aulinha01.c: 47:         main_pr03();
  1200   000842  EC01  F004         	call	_main_pr03	;wreg free
  1201   000846  EF21  F004         	goto	l7
  1202   00084A  EFFE  F03F         	goto	start
  1203   00084E                     __end_of_main:
  1204                           	callstack 0
  1205                           
  1206 ;; *************** function _main_pr03 *****************
  1207 ;; Defined at:
  1208 ;;		line 51 in file "../Scripts/pratica_03.c"
  1209 ;; Parameters:    Size  Location     Type
  1210 ;;		None
  1211 ;; Auto vars:     Size  Location     Type
  1212 ;;  Desloc          1    0        unsigned char 
  1213 ;;  j               1    0        unsigned char 
  1214 ;;  i               1    0        unsigned char 
  1215 ;; Return value:  Size  Location     Type
  1216 ;;                  1    wreg      void 
  1217 ;; Registers used:
  1218 ;;		wreg, status,2
  1219 ;; Tracked objects:
  1220 ;;		On entry : 0/0
  1221 ;;		On exit  : 0/0
  1222 ;;		Unchanged: 0/0
  1223 ;; Data sizes:     COMRAM   BANK0   BANK1   BANK2   BANK3   BANK4   BANK5   BANK6   BANK7
  1224 ;;      Params:         0       0       0       0       0       0       0       0       0
  1225 ;;      Locals:         0       0       0       0       0       0       0       0       0
  1226 ;;      Temps:          2       0       0       0       0       0       0       0       0
  1227 ;;      Totals:         2       0       0       0       0       0       0       0       0
  1228 ;;Total ram usage:        2 bytes
  1229 ;; Hardware stack levels used: 1
  1230 ;; This function calls:
  1231 ;;		Nothing
  1232 ;; This function is called by:
  1233 ;;		_main
  1234 ;; This function uses a non-reentrant model
  1235 ;;
  1236                           
  1237                           	psect	text1
  1238   000802                     __ptext1:
  1239                           	callstack 0
  1240   000802                     _main_pr03:
  1241                           	callstack 30
  1242   000802                     
  1243                           ;../Scripts/pratica_03.c: 53:  unsigned char i,j, Desloc;;../Scripts/pratica_03.c: 56:  
      +                          DDRD = 0b00000000;
  1244   000802  6A95               	clrf	149,c	;volatile
  1245   000804                     
  1246                           ;../Scripts/pratica_03.c: 58:  OSCCON = 0b01010000;
  1247   000804  0E50               	movlw	80
  1248   000806  6ED3               	movwf	211,c	;volatile
  1249   000808                     
  1250                           ;../Scripts/pratica_03.c: 60:     PORTD = 0b11111111;
  1251   000808  6883               	setf	131,c	;volatile
  1252   00080A                     l808:
  1253                           
  1254                           ;../Scripts/pratica_03.c: 65:   RCONbits.IPEN = 0;
  1255   00080A  9ED0               	bcf	208,7,c	;volatile
  1256   00080C                     
  1257                           ;../Scripts/pratica_03.c: 67:   INTCON3bits.INT2IF = 0;
  1258   00080C  92F0               	bcf	240,1,c	;volatile
  1259   00080E                     
  1260                           ;../Scripts/pratica_03.c: 68:   INTCON3bits.INT1IF = 0;
  1261   00080E  90F0               	bcf	240,0,c	;volatile
  1262   000810                     
  1263                           ;../Scripts/pratica_03.c: 70:   INTCON3bits.INT2IP = 1;
  1264   000810  8EF0               	bsf	240,7,c	;volatile
  1265   000812                     
  1266                           ;../Scripts/pratica_03.c: 71:   INTCON3bits.INT1IP = 1;
  1267   000812  8CF0               	bsf	240,6,c	;volatile
  1268   000814                     
  1269                           ;../Scripts/pratica_03.c: 73:   INTCON3bits.INT2IE = 1;
  1270   000814  88F0               	bsf	240,4,c	;volatile
  1271   000816                     
  1272                           ;../Scripts/pratica_03.c: 74:   INTCON3bits.INT1IE = 1;
  1273   000816  86F0               	bsf	240,3,c	;volatile
  1274   000818                     
  1275                           ;../Scripts/pratica_03.c: 76:   INTCONbits.PEIE = 1;
  1276   000818  8CF2               	bsf	242,6,c	;volatile
  1277   00081A                     
  1278                           ;../Scripts/pratica_03.c: 77:   INTCONbits.GIEL = 1;
  1279   00081A  8CF2               	bsf	242,6,c	;volatile
  1280   00081C                     
  1281                           ;../Scripts/pratica_03.c: 78:   INTCONbits.GIEH = 1;
  1282   00081C  8EF2               	bsf	242,7,c	;volatile
  1283   00081E                     
  1284                           ;../Scripts/pratica_03.c: 80:     PORTD = PORTD;
  1285   00081E  CF83 FF83          	movff	3971,3971	;volatile
  1286   000822                     
  1287                           ;../Scripts/pratica_03.c: 81:   _delay((unsigned long)((250)*(48000000/4000.0)));
  1288   000822  0E10               	movlw	16
  1289   000824  6E02               	movwf	(??_main_pr03+1)^0,c
  1290   000826  0E39               	movlw	57
  1291   000828  6E01               	movwf	??_main_pr03^0,c
  1292   00082A  0E0E               	movlw	14
  1293   00082C                     u227:
  1294   00082C  2EE8               	decfsz	wreg,f,c
  1295   00082E  D7FE               	bra	u227
  1296   000830  2E01               	decfsz	??_main_pr03^0,f,c
  1297   000832  D7FC               	bra	u227
  1298   000834  2E02               	decfsz	(??_main_pr03+1)^0,f,c
  1299   000836  D7FA               	bra	u227
  1300                           
  1301                           ;../Scripts/pratica_03.c: 82:         }
  1302   000838  EF05  F004         	goto	l808
  1303   00083C  0012               	return		;funcret
  1304   00083E                     __end_of_main_pr03:
  1305                           	callstack 0
  1306                           
  1307                           	psect	smallconst
  1308   000800                     __psmallconst:
  1309                           	callstack 0
  1310   000800  00                 	db	0
  1311   000801  00                 	db	0	; dummy byte at the end
  1312   000800                     __smallconst    set	__psmallconst
  1313   000800                     __mediumconst   set	__psmallconst
  1314   000000                     __activetblptr  equ	0
  1315                           
  1316                           	psect	rparam
  1317   000001                     ___rparam_used  equ	1
  1318   000000                     ___param_bank   equ	0
  1319   000000                     __Lparam        equ	__Lrparam
  1320   000000                     __Hparam        equ	__Hrparam
  1321                           
  1322                           	psect	config
  1323                           
  1324                           ;Config register CONFIG1L @ 0x300000
  1325                           ;	PLL Prescaler Selection bits
  1326                           ;	PLLDIV = 5, Divide by 5 (20 MHz oscillator input)
  1327                           ;	System Clock Postscaler Selection bits
  1328                           ;	CPUDIV = OSC1_PLL2, [Primary Oscillator Src: /1][96 MHz PLL Src: /2]
  1329                           ;	USB Clock Selection bit (used in Full-Speed USB mode only; UCFG:FSEN = 1)
  1330                           ;	USBDIV = 0x0, unprogrammed default
  1331   300000                     	org	3145728
  1332   300000  04                 	db	4
  1333                           
  1334                           ;Config register CONFIG1H @ 0x300001
  1335                           ;	Oscillator Selection bits
  1336                           ;	FOSC = HS, HS oscillator (HS)
  1337                           ;	Fail-Safe Clock Monitor Enable bit
  1338                           ;	FCMEN = 0x0, unprogrammed default
  1339                           ;	Internal/External Oscillator Switchover bit
  1340                           ;	IESO = 0x0, unprogrammed default
  1341   300001                     	org	3145729
  1342   300001  0C                 	db	12
  1343                           
  1344                           ;Config register CONFIG2L @ 0x300002
  1345                           ;	unspecified, using default values
  1346                           ;	Power-up Timer Enable bit
  1347                           ;	PWRT = 0x1, unprogrammed default
  1348                           ;	Brown-out Reset Enable bits
  1349                           ;	BOR = 0x3, unprogrammed default
  1350                           ;	Brown-out Reset Voltage bits
  1351                           ;	BORV = 0x3, unprogrammed default
  1352                           ;	USB Voltage Regulator Enable bit
  1353                           ;	VREGEN = 0x0, unprogrammed default
  1354   300002                     	org	3145730
  1355   300002  1F                 	db	31
  1356                           
  1357                           ;Config register CONFIG2H @ 0x300003
  1358                           ;	Watchdog Timer Enable bit
  1359                           ;	WDT = OFF, WDT disabled (control is placed on the SWDTEN bit)
  1360                           ;	Watchdog Timer Postscale Select bits
  1361                           ;	WDTPS = 0xF, unprogrammed default
  1362   300003                     	org	3145731
  1363   300003  1E                 	db	30
  1364                           
  1365                           ; Padding undefined space
  1366   300004                     	org	3145732
  1367   300004  FF                 	db	255
  1368                           
  1369                           ;Config register CONFIG3H @ 0x300005
  1370                           ;	CCP2 MUX bit
  1371                           ;	CCP2MX = 0x1, unprogrammed default
  1372                           ;	PORTB A/D Enable bit
  1373                           ;	PBADEN = OFF, PORTB<4:0> pins are configured as digital I/O on Reset
  1374                           ;	Low-Power Timer 1 Oscillator Enable bit
  1375                           ;	LPT1OSC = 0x0, unprogrammed default
  1376                           ;	MCLR Pin Enable bit
  1377                           ;	MCLRE = 0x1, unprogrammed default
  1378   300005                     	org	3145733
  1379   300005  81                 	db	129
  1380                           
  1381                           ;Config register CONFIG4L @ 0x300006
  1382                           ;	Stack Full/Underflow Reset Enable bit
  1383                           ;	STVREN = 0x1, unprogrammed default
  1384                           ;	Single-Supply ICSP Enable bit
  1385                           ;	LVP = OFF, Single-Supply ICSP disabled
  1386                           ;	Dedicated In-Circuit Debug/Programming Port (ICPORT) Enable bit
  1387                           ;	ICPRT = 0x0, unprogrammed default
  1388                           ;	Extended Instruction Set Enable bit
  1389                           ;	XINST = OFF, Instruction set extension and Indexed Addressing mode disabled (Legacy mo
      +                          de)
  1390                           ;	Background Debugger Enable bit
  1391                           ;	DEBUG = 0x1, unprogrammed default
  1392   300006                     	org	3145734
  1393   300006  81                 	db	129
  1394                           
  1395                           ; Padding undefined space
  1396   300007                     	org	3145735
  1397   300007  FF                 	db	255
  1398                           tosu	equ	0xFFF
  1399                           tosh	equ	0xFFE
  1400                           tosl	equ	0xFFD
  1401                           stkptr	equ	0xFFC
  1402                           pclatu	equ	0xFFB
  1403                           pclath	equ	0xFFA
  1404                           pcl	equ	0xFF9
  1405                           tblptru	equ	0xFF8
  1406                           tblptrh	equ	0xFF7
  1407                           tblptrl	equ	0xFF6
  1408                           tablat	equ	0xFF5
  1409                           prodh	equ	0xFF4
  1410                           prodl	equ	0xFF3
  1411                           indf0	equ	0xFEF
  1412                           postinc0	equ	0xFEE
  1413                           postdec0	equ	0xFED
  1414                           preinc0	equ	0xFEC
  1415                           plusw0	equ	0xFEB
  1416                           fsr0h	equ	0xFEA
  1417                           fsr0l	equ	0xFE9
  1418                           wreg	equ	0xFE8
  1419                           indf1	equ	0xFE7
  1420                           postinc1	equ	0xFE6
  1421                           postdec1	equ	0xFE5
  1422                           preinc1	equ	0xFE4
  1423                           plusw1	equ	0xFE3
  1424                           fsr1h	equ	0xFE2
  1425                           fsr1l	equ	0xFE1
  1426                           bsr	equ	0xFE0
  1427                           indf2	equ	0xFDF
  1428                           postinc2	equ	0xFDE
  1429                           postdec2	equ	0xFDD
  1430                           preinc2	equ	0xFDC
  1431                           plusw2	equ	0xFDB
  1432                           fsr2h	equ	0xFDA
  1433                           fsr2l	equ	0xFD9
  1434                           status	equ	0xFD8

Data Sizes:
    Strings     0
    Constant    0
    Data        0
    BSS         1
    Persistent  0
    Stack       0

Auto Spaces:
    Space          Size  Autos    Used
    COMRAM           95      2       3
    BANK0           160      0       0
    BANK1           256      0       0
    BANK2           256      0       0
    BANK3           256      0       0
    BANK4           256      0       0
    BANK5           256      0       0
    BANK6           256      0       0
    BANK7           256      0       0

Pointer List with Targets:

    None.

Critical Paths under _main in COMRAM

    _main->_main_pr03

Critical Paths under _main in BANK0

    None.

Critical Paths under _main in BANK1

    None.

Critical Paths under _main in BANK2

    None.

Critical Paths under _main in BANK3

    None.

Critical Paths under _main in BANK4

    None.

Critical Paths under _main in BANK5

    None.

Critical Paths under _main in BANK6

    None.

Critical Paths under _main in BANK7

    None.

Call Graph Tables:

 ---------------------------------------------------------------------------------
 (Depth) Function   	        Calls       Base Space   Used Autos Params    Refs
 ---------------------------------------------------------------------------------
 (0) _main                                                 0     0      0       0
                          _main_pr03
 ---------------------------------------------------------------------------------
 (1) _main_pr03                                            5     5      0       0
                                              0 COMRAM     2     2      0
 ---------------------------------------------------------------------------------
 Estimated maximum stack depth 1
 ---------------------------------------------------------------------------------

 Call Graph Graphs:

 _main (ROOT)
   _main_pr03

Address spaces:
Name               Size   Autos  Total    Usage
BIGRAM            2047      0       0      0.0%
BITBANK7           256      0       0      0.0%
BANK7              256      0       0      0.0%
BITBANK6           256      0       0      0.0%
BANK6              256      0       0      0.0%
BITBANK5           256      0       0      0.0%
BANK5              256      0       0      0.0%
BITBANK4           256      0       0      0.0%
BANK4              256      0       0      0.0%
BITBANK3           256      0       0      0.0%
BANK3              256      0       0      0.0%
BITBANK2           256      0       0      0.0%
BANK2              256      0       0      0.0%
BITBANK1           256      0       0      0.0%
BANK1              256      0       0      0.0%
BITBANK0           160      0       0      0.0%
BANK0              160      0       0      0.0%
BITBIGSFRh         126      0       0      0.0%
BITCOMRAM           95      0       0      0.0%
COMRAM              95      2       3      3.2%
BITBIGSFRl          33      0       0      0.0%
STACK                0      0       0      0.0%
DATA                 0      0       3      0.0%


Microchip Technology PIC18 Macro Assembler V3.00 build 20241204225717 
Symbol Table                                                                                   Fri Mar  7 17:09:48 2025

                      l7 0842                      l810 080C                      l802 0802  
                    l820 0816                      l812 080E                      l804 0804  
                    l830 0822                      l822 0818                      l814 0810  
                    l806 0808                      l824 081A                      l816 0812  
                    l808 080A                      l832 083E                      l826 081C  
                    l818 0814                      l828 081E                      u227 082C  
                    wreg 0FE8                     _DDRD 0F95                     _main 083E  
                   start 7FFC             ___param_bank 0000                    ?_main 0001  
                  _PORTD 0F83                    _TRISB 0F93                    _TRISD 0F95  
        __initialization 084E             __end_of_main 084E                   ??_main 0003  
          __activetblptr 0000                   _OSCCON 0FD3                   isa$std 0001  
           __mediumconst 0800               __accesstop 0060  __end_of__initialization 0850  
          ___rparam_used 0001           __pcstackCOMRAM 0001                  __Hparam 0000  
                __Lparam 0000             __psmallconst 0800        __end_of_main_pr03 083E  
                __pcinit 084E                  __ramtop 0800                  __ptext0 083E  
                __ptext1 0802     end_of_initialization 0850                _PORTBbits 0F81  
              _PORTDbits 0F83                _TRISBbits 0F93      start_initialization 084E  
            __pbssCOMRAM 0003              __smallconst 0800                _main_pr03 0802  
               _RCONbits 0FD0               ?_main_pr03 0001              _INTCON3bits 0FF0  
               __Hrparam 0000                 __Lrparam 0000                 _contador 0003  
               isa$xinst 0000              ??_main_pr03 0001               _INTCONbits 0FF2  
